[16:11:18] [main/INFO]: LiteLoader 1.7.10_04 starting up...
[16:11:18] [main/INFO]: Java reports OS="windows 7"
[16:11:18] [main/INFO]: Enumerating class path...
[16:11:18] [main/INFO]: Class path separator=";"
[16:11:18] [main/INFO]: Class path entries=(
   classpathEntry=/C:/Users/rpCardinal/Desktop/ES/HMCL-2.3.5.6.exe
   classpathEntry=/C:/Users/rpCardinal/Desktop/ES/lib/gson-2.2.4.jar
   classpathEntry=/C:/Users/rpCardinal/Desktop/ES/lib/MetroLookAndFeel.jar
   classpathEntry=/C:/Users/rpCardinal/Desktop/ES/lib/HMCLAPI.jar
)
[16:11:18] [main/INFO]: Registering discovery module EnumeratorModuleClassPath: [<Java Class Path>]
[16:11:18] [main/INFO]: Registering discovery module EnumeratorModuleFolder: [C:\Users\rpCardinal\Desktop\ES\.minecraft\mods]
[16:11:18] [main/INFO]: Registering discovery module EnumeratorModuleFolder: [C:\Users\rpCardinal\Desktop\ES\.minecraft\mods\1.7.10]
[16:11:18] [main/INFO]: Adding supported mod class prefix 'LiteMod'
[16:11:18] [main/INFO]: Discovering tweaks on class path...
[16:11:18] [main/INFO]: Discovering valid mod files in folder C:\Users\rpCardinal\Desktop\ES\.minecraft\mods
[16:11:18] [main/INFO]: Considering valid mod file: C:\Users\rpCardinal\Desktop\ES\.minecraft\mods\[F]mod_voxelMap_1.5.19_for_1.7.10.litemod
[16:11:18] [main/INFO]: Considering valid mod file: C:\Users\rpCardinal\Desktop\ES\.minecraft\mods\[F]MouseTweaks-2.4.4-mc1.7.10.jar
[16:11:18] [main/INFO]: Adding newest valid mod file 'C:\Users\rpCardinal\Desktop\ES\.minecraft\mods\[F]mod_voxelMap_1.5.19_for_1.7.10.litemod' at revision 1518.0000
[16:11:18] [main/INFO]: Adding newest valid mod file 'C:\Users\rpCardinal\Desktop\ES\.minecraft\mods\[F]MouseTweaks-2.4.4-mc1.7.10.jar' at revision 184.0000
[16:11:18] [main/INFO]: Discovering valid mod files in folder C:\Users\rpCardinal\Desktop\ES\.minecraft\mods\1.7.10
[16:11:18] [main/INFO]: Searching for tweaks in 'Baubles-1.7.10-1.0.1.10.jar'
[16:11:18] [main/WARN]: Error parsing manifest entries in 'C:\Users\rpCardinal\Desktop\ES\.minecraft\mods\1.7.10\Baubles-1.7.10-1.0.1.10.jar'
[16:11:18] [main/INFO]: Searching for tweaks in 'CodeChickenLib-1.7.10-1.1.3.140-universal.jar'
[16:11:18] [main/WARN]: Error parsing manifest entries in 'C:\Users\rpCardinal\Desktop\ES\.minecraft\mods\1.7.10\CodeChickenLib-1.7.10-1.1.3.140-universal.jar'
[16:11:18] [main/INFO]: Searching for tweaks in 'ForgeMultipart-1.7.10-1.2.0.345-universal.jar'
[16:11:18] [main/WARN]: Error parsing manifest entries in 'C:\Users\rpCardinal\Desktop\ES\.minecraft\mods\1.7.10\ForgeMultipart-1.7.10-1.2.0.345-universal.jar'
[16:11:18] [main/INFO]: Searching for tweaks in 'ForgeRelocation-0.0.1.4-universal.jar'
[16:11:18] [main/WARN]: Error parsing manifest entries in 'C:\Users\rpCardinal\Desktop\ES\.minecraft\mods\1.7.10\ForgeRelocation-0.0.1.4-universal.jar'
[16:11:18] [main/INFO]: Searching for tweaks in 'ForgeRelocationFMP-1.7.10-0.0.1.2-universal.jar'
[16:11:18] [main/WARN]: Error parsing manifest entries in 'C:\Users\rpCardinal\Desktop\ES\.minecraft\mods\1.7.10\ForgeRelocationFMP-1.7.10-0.0.1.2-universal.jar'
[16:11:18] [main/INFO]: Searching for tweaks in 'MrTJPCore-1.1.0.31-universal.jar'
[16:11:18] [main/WARN]: Error parsing manifest entries in 'C:\Users\rpCardinal\Desktop\ES\.minecraft\mods\1.7.10\MrTJPCore-1.1.0.31-universal.jar'
[16:11:18] [main/INFO]: Mod file '[F]mod_voxelMap_1.5.19_for_1.7.10.litemod' provides classTransformer 'com.thevoxelbox.voxelmap.litemod.VoxelMapTransformer', adding to class loader
[16:11:18] [main/INFO]: classTransformer 'com.thevoxelbox.voxelmap.litemod.VoxelMapTransformer' was successfully added
[16:11:18] [main/INFO]: LiteLoader PREINIT complete
[16:11:19] [main/INFO]: Injecting onstartupcomplete[x1] in func_71384_a in Minecraft
[16:11:19] [main/INFO]: Injecting prerenderfbo[x1] in func_71411_J in Minecraft
[16:11:19] [main/INFO]: Injecting postrenderfbo[x1] in func_71411_J in Minecraft
[16:11:19] [main/INFO]: Injecting ontimerupdate[x1] in func_71411_J in Minecraft
[16:11:19] [main/INFO]: Injecting onrender[x1] in func_71411_J in Minecraft
[16:11:19] [main/INFO]: Injecting ontick[x1] in func_71411_J in Minecraft
[16:11:19] [main/INFO]: Injecting shutdown[x1] in func_71400_g in Minecraft
[16:11:19] [main/INFO]: Injecting updateframebuffersize[x1] in func_147119_ah in Minecraft
[16:11:19] [main/INFO]: Injecting newtick[x1] in func_71407_l in Minecraft
[16:11:19] [main/INFO]: Applying overlay com.mumfrey.liteloader.client.overlays.MinecraftOverlay to net.minecraft.client.Minecraft
[16:11:19] [main/INFO]: MinecraftOverlayTransformer found INIT injection point, this is good.
[16:11:19] [main/INFO]: Injecting onoutboundchat[x1] in func_71165_d in EntityClientPlayerMP
[16:11:20] [main/INFO]: Injecting onc00handshake[x1] in func_148833_a in C00Handshake
[16:11:20] [main/INFO]: Injecting onc00packetloginstart[x1] in func_148833_a in C00PacketLoginStart
[16:11:20] [main/INFO]: Injecting onc16packetclientstatus[x1] in func_148833_a in C16PacketClientStatus
[16:11:20] [main/INFO]: Injecting onrenderchat[x1] in func_73830_a in GuiIngame
[16:11:20] [main/INFO]: Injecting postrenderchat[x1] in func_73830_a in GuiIngame
[16:11:20] [main/INFO]: Injecting ons03packettimeupdate[x1] in func_148833_a in S03PacketTimeUpdate
[16:11:22] [main/INFO]: Injecting ons34packetmaps[x1] in func_148833_a in S34PacketMaps
[16:11:22] [Client thread/INFO]: Injecting onc15packetclientsettings[x1] in func_148833_a in C15PacketClientSettings
[16:11:23] [Client thread/INFO]: Injecting ons23packetblockchange[x1] in func_148833_a in S23PacketBlockChange
[16:11:23] [Client thread/INFO]: Injecting oncreateintegratedserver[x1] in <init> in IntegratedServer
[16:11:24] [Client thread/INFO]: Injecting constructchunkfrompacket[x1] in func_76607_a in Chunk
[16:11:24] [Client thread/INFO]: Injecting prerendergui[x1] in func_78480_b in EntityRenderer
[16:11:24] [Client thread/INFO]: Injecting onrenderhud[x1] in func_78480_b in EntityRenderer
[16:11:24] [Client thread/INFO]: Injecting postrenderhud[x1] in func_78480_b in EntityRenderer
[16:11:24] [Client thread/INFO]: Injecting onrenderworld[x1] in func_78471_a in EntityRenderer
[16:11:24] [Client thread/INFO]: Injecting onsetupcameratransform[x1] in func_78471_a in EntityRenderer
[16:11:24] [Client thread/INFO]: Injecting postrenderentities[x1] in func_78471_a in EntityRenderer
[16:11:24] [Client thread/INFO]: Injecting postrender[x1] in func_78471_a in EntityRenderer
[16:11:24] [Client thread/INFO]: Injecting postrender[x1] in func_78471_a in EntityRenderer
[16:11:24] [Client thread/INFO]: Injecting ons35packetupdatetileentity[x1] in func_148833_a in S35PacketUpdateTileEntity
[16:11:24] [Client thread/INFO]: Injecting renderfbo[x1] in func_147615_c in Framebuffer
[16:11:25] [Client thread/INFO]: Generating new Event Handler Proxy Class com.mumfrey.liteloader.core.event.EventProxy
[16:11:25] [Client thread/INFO]: Successfully generated event handler proxy class with 31 handlers(s) and 31 total invokations
[16:11:36] [Client thread/INFO]: Injecting ons3fpacketcustompayload[x1] in func_148833_a in S3FPacketCustomPayload
[16:11:36] [Client thread/INFO]: Injecting onc17packetcustompayload[x1] in func_148833_a in C17PacketCustomPayload
[16:11:36] [Client thread/INFO]: Injecting ons00packetkeepalive[x1] in func_148833_a in S00PacketKeepAlive
[16:11:36] [Client thread/INFO]: Injecting ons01packetjoingame[x1] in func_148833_a in S01PacketJoinGame
[16:11:36] [Client thread/INFO]: Injecting ons02packetchat[x1] in func_148833_a in S02PacketChat
[16:11:36] [Client thread/INFO]: Injecting ons04packetentityequipment[x1] in func_148833_a in S04PacketEntityEquipment
[16:11:36] [Client thread/INFO]: Injecting ons05packetspawnposition[x1] in func_148833_a in S05PacketSpawnPosition
[16:11:36] [Client thread/INFO]: Injecting ons06packetupdatehealth[x1] in func_148833_a in S06PacketUpdateHealth
[16:11:36] [Client thread/INFO]: Injecting ons07packetrespawn[x1] in func_148833_a in S07PacketRespawn
[16:11:36] [Client thread/INFO]: Injecting ons08packetplayerposlook[x1] in func_148833_a in S08PacketPlayerPosLook
[16:11:36] [Client thread/INFO]: Injecting ons09packethelditemchange[x1] in func_148833_a in S09PacketHeldItemChange
[16:11:36] [Client thread/INFO]: Injecting ons0apacketusebed[x1] in func_148833_a in S0APacketUseBed
[16:11:36] [Client thread/INFO]: Injecting ons0bpacketanimation[x1] in func_148833_a in S0BPacketAnimation
[16:11:36] [Client thread/INFO]: Injecting ons0cpacketspawnplayer[x1] in func_148833_a in S0CPacketSpawnPlayer
[16:11:36] [Client thread/INFO]: Injecting ons0dpacketcollectitem[x1] in func_148833_a in S0DPacketCollectItem
[16:11:36] [Client thread/INFO]: Injecting ons0epacketspawnobject[x1] in func_148833_a in S0EPacketSpawnObject
[16:11:36] [Client thread/INFO]: Injecting ons0fpacketspawnmob[x1] in func_148833_a in S0FPacketSpawnMob
[16:11:36] [Client thread/INFO]: Injecting ons10packetspawnpainting[x1] in func_148833_a in S10PacketSpawnPainting
[16:11:36] [Client thread/INFO]: Injecting ons11packetspawnexperienceorb[x1] in func_148833_a in S11PacketSpawnExperienceOrb
[16:11:36] [Client thread/INFO]: Injecting ons12packetentityvelocity[x1] in func_148833_a in S12PacketEntityVelocity
[16:11:36] [Client thread/INFO]: Injecting ons13packetdestroyentities[x1] in func_148833_a in S13PacketDestroyEntities
[16:11:36] [Client thread/INFO]: Injecting ons14packetentity[x1] in func_148833_a in S14PacketEntity
[16:11:36] [Client thread/INFO]: Injecting ons15packetentityrelmove[x1] in func_148833_a in S14PacketEntity$S15PacketEntityRelMove
[16:11:36] [Client thread/INFO]: Injecting ons16packetentitylook[x1] in func_148833_a in S14PacketEntity$S16PacketEntityLook
[16:11:36] [Client thread/INFO]: Injecting ons17packetentitylookmove[x1] in func_148833_a in S14PacketEntity$S17PacketEntityLookMove
[16:11:36] [Client thread/INFO]: Injecting ons18packetentityteleport[x1] in func_148833_a in S18PacketEntityTeleport
[16:11:36] [Client thread/INFO]: Injecting ons19packetentityheadlook[x1] in func_148833_a in S19PacketEntityHeadLook
[16:11:36] [Client thread/INFO]: Injecting ons19packetentitystatus[x1] in func_148833_a in S19PacketEntityStatus
[16:11:36] [Client thread/INFO]: Injecting ons1bpacketentityattach[x1] in func_148833_a in S1BPacketEntityAttach
[16:11:36] [Client thread/INFO]: Injecting ons1cpacketentitymetadata[x1] in func_148833_a in S1CPacketEntityMetadata
[16:11:36] [Client thread/INFO]: Injecting ons1dpacketentityeffect[x1] in func_148833_a in S1DPacketEntityEffect
[16:11:36] [Client thread/INFO]: Injecting ons1epacketremoveentityeffect[x1] in func_148833_a in S1EPacketRemoveEntityEffect
[16:11:36] [Client thread/INFO]: Injecting ons1fpacketsetexperience[x1] in func_148833_a in S1FPacketSetExperience
[16:11:36] [Client thread/INFO]: Injecting ons20packetentityproperties[x1] in func_148833_a in S20PacketEntityProperties
[16:11:36] [Client thread/INFO]: Injecting ons21packetchunkdata[x1] in func_148833_a in S21PacketChunkData
[16:11:36] [Client thread/INFO]: Injecting ons22packetmultiblockchange[x1] in func_148833_a in S22PacketMultiBlockChange
[16:11:36] [Client thread/INFO]: Injecting ons24packetblockaction[x1] in func_148833_a in S24PacketBlockAction
[16:11:36] [Client thread/INFO]: Injecting ons25packetblockbreakanim[x1] in func_148833_a in S25PacketBlockBreakAnim
[16:11:36] [Client thread/INFO]: Injecting ons26packetmapchunkbulk[x1] in func_148833_a in S26PacketMapChunkBulk
[16:11:36] [Client thread/INFO]: Injecting ons27packetexplosion[x1] in func_148833_a in S27PacketExplosion
[16:11:36] [Client thread/INFO]: Injecting ons28packeteffect[x1] in func_148833_a in S28PacketEffect
[16:11:36] [Client thread/INFO]: Injecting ons29packetsoundeffect[x1] in func_148833_a in S29PacketSoundEffect
[16:11:36] [Client thread/INFO]: Injecting ons2apacketparticles[x1] in func_148833_a in S2APacketParticles
[16:11:36] [Client thread/INFO]: Injecting ons2bpacketchangegamestate[x1] in func_148833_a in S2BPacketChangeGameState
[16:11:36] [Client thread/INFO]: Injecting ons2cpacketspawnglobalentity[x1] in func_148833_a in S2CPacketSpawnGlobalEntity
[16:11:36] [Client thread/INFO]: Injecting ons2dpacketopenwindow[x1] in func_148833_a in S2DPacketOpenWindow
[16:11:36] [Client thread/INFO]: Injecting ons2epacketclosewindow[x1] in func_148833_a in S2EPacketCloseWindow
[16:11:36] [Client thread/INFO]: Injecting ons2fpacketsetslot[x1] in func_148833_a in S2FPacketSetSlot
[16:11:36] [Client thread/INFO]: Injecting ons30packetwindowitems[x1] in func_148833_a in S30PacketWindowItems
[16:11:36] [Client thread/INFO]: Injecting ons31packetwindowproperty[x1] in func_148833_a in S31PacketWindowProperty
[16:11:36] [Client thread/INFO]: Injecting ons32packetconfirmtransaction[x1] in func_148833_a in S32PacketConfirmTransaction
[16:11:36] [Client thread/INFO]: Injecting ons33packetupdatesign[x1] in func_148833_a in S33PacketUpdateSign
[16:11:36] [Client thread/INFO]: Injecting ons36packetsigneditoropen[x1] in func_148833_a in S36PacketSignEditorOpen
[16:11:36] [Client thread/INFO]: Injecting ons37packetstatistics[x1] in func_148833_a in S37PacketStatistics
[16:11:36] [Client thread/INFO]: Injecting ons38packetplayerlistitem[x1] in func_148833_a in S38PacketPlayerListItem
[16:11:36] [Client thread/INFO]: Injecting ons39packetplayerabilities[x1] in func_148833_a in S39PacketPlayerAbilities
[16:11:36] [Client thread/INFO]: Injecting ons3apackettabcomplete[x1] in func_148833_a in S3APacketTabComplete
[16:11:36] [Client thread/INFO]: Injecting ons3bpacketscoreboardobjective[x1] in func_148833_a in S3BPacketScoreboardObjective
[16:11:36] [Client thread/INFO]: Injecting ons3cpacketupdatescore[x1] in func_148833_a in S3CPacketUpdateScore
[16:11:36] [Client thread/INFO]: Injecting ons3dpacketdisplayscoreboard[x1] in func_148833_a in S3DPacketDisplayScoreboard
[16:11:36] [Client thread/INFO]: Injecting ons3epacketteams[x1] in func_148833_a in S3EPacketTeams
[16:11:36] [Client thread/INFO]: Injecting ons40packetdisconnect[x1] in func_148833_a in S40PacketDisconnect
[16:11:36] [Client thread/INFO]: Injecting onc00packetkeepalive[x1] in func_148833_a in C00PacketKeepAlive
[16:11:36] [Client thread/INFO]: Injecting onc01packetchatmessage[x1] in func_148833_a in C01PacketChatMessage
[16:11:36] [Client thread/INFO]: Injecting onc02packetuseentity[x1] in func_148833_a in C02PacketUseEntity
[16:11:36] [Client thread/INFO]: Injecting onc03packetplayer[x1] in func_148833_a in C03PacketPlayer
[16:11:36] [Client thread/INFO]: Injecting onc04packetplayerposition[x1] in func_148833_a in C03PacketPlayer$C04PacketPlayerPosition
[16:11:36] [Client thread/INFO]: Injecting onc05packetplayerlook[x1] in func_148833_a in C03PacketPlayer$C05PacketPlayerLook
[16:11:36] [Client thread/INFO]: Injecting onc06packetplayerposlook[x1] in func_148833_a in C03PacketPlayer$C06PacketPlayerPosLook
[16:11:36] [Client thread/INFO]: Injecting onc07packetplayerdigging[x1] in func_148833_a in C07PacketPlayerDigging
[16:11:36] [Client thread/INFO]: Injecting onc08packetplayerblockplacement[x1] in func_148833_a in C08PacketPlayerBlockPlacement
[16:11:36] [Client thread/INFO]: Injecting onc09packethelditemchange[x1] in func_148833_a in C09PacketHeldItemChange
[16:11:36] [Client thread/INFO]: Injecting onc0apacketanimation[x1] in func_148833_a in C0APacketAnimation
[16:11:36] [Client thread/INFO]: Injecting onc0bpacketentityaction[x1] in func_148833_a in C0BPacketEntityAction
[16:11:36] [Client thread/INFO]: Injecting onc0cpacketinput[x1] in func_148833_a in C0CPacketInput
[16:11:36] [Client thread/INFO]: Injecting onc0dpacketclosewindow[x1] in func_148833_a in C0DPacketCloseWindow
[16:11:36] [Client thread/INFO]: Injecting onc0epacketclickwindow[x1] in func_148833_a in C0EPacketClickWindow
[16:11:36] [Client thread/INFO]: Injecting onc0fpacketconfirmtransaction[x1] in func_148833_a in C0FPacketConfirmTransaction
[16:11:36] [Client thread/INFO]: Injecting onc10packetcreativeinventoryaction[x1] in func_148833_a in C10PacketCreativeInventoryAction
[16:11:36] [Client thread/INFO]: Injecting onc11packetenchantitem[x1] in func_148833_a in C11PacketEnchantItem
[16:11:36] [Client thread/INFO]: Injecting onc12packetupdatesign[x1] in func_148833_a in C12PacketUpdateSign
[16:11:36] [Client thread/INFO]: Injecting onc13packetplayerabilities[x1] in func_148833_a in C13PacketPlayerAbilities
[16:11:36] [Client thread/INFO]: Injecting onc14packettabcomplete[x1] in func_148833_a in C14PacketTabComplete
[16:11:36] [Client thread/INFO]: Injecting ons00packetserverinfo[x1] in func_148833_a in S00PacketServerInfo
[16:11:36] [Client thread/INFO]: Injecting ons01packetpong[x1] in func_148833_a in S01PacketPong
[16:11:36] [Client thread/INFO]: Injecting ons00packetdisconnect[x1] in func_148833_a in S00PacketDisconnect
[16:11:36] [Client thread/INFO]: Injecting ons01packetencryptionrequest[x1] in func_148833_a in S01PacketEncryptionRequest
[16:11:36] [Client thread/INFO]: Injecting ons02packetloginsuccess[x1] in func_148833_a in S02PacketLoginSuccess
[16:11:36] [Client thread/INFO]: Injecting onc01packetencryptionresponse[x1] in func_148833_a in C01PacketEncryptionResponse
[16:11:37] [Client thread/INFO]: Injecting onplayerlogin[x1] in func_72377_c in ServerConfigurationManager
[16:11:37] [Client thread/INFO]: Injecting onplayerlogout[x1] in func_72367_e in ServerConfigurationManager
[16:11:37] [Client thread/INFO]: Injecting onspawnplayer[x1] in func_148545_a in ServerConfigurationManager
[16:11:37] [Client thread/INFO]: Injecting onrespawnplayer[x1] in func_72368_a in ServerConfigurationManager
[16:12:11] [Client thread/INFO]: JInput Component Registry is initialising...
[16:12:11] [Client thread/INFO]: Inspecting Keyboard controller HID Keyboard Device on Unknown...
[16:12:11] [Client thread/INFO]: Inspecting Mouse controller HID-compliant mouse on Unknown...
[16:12:11] [Client thread/INFO]: JInput Component Registry initialised, found 2 controller(s) 125 component(s)
[16:12:11] [Client thread/INFO]: LiteLoader begin INIT...
[16:12:11] [Client thread/INFO]: Baking listener list for CoreProvider with 2 listeners
[16:12:11] [Client thread/INFO]: Injecting external mods into class path...
[16:12:11] [Client thread/INFO]: Successfully injected mod file 'C:\Users\rpCardinal\Desktop\ES\.minecraft\mods\[F]MouseTweaks-2.4.4-mc1.7.10.jar' into classpath
[16:12:11] [Client thread/INFO]: Injecting external mods into class path...
[16:12:11] [Client thread/INFO]: Discovering mods on class path...
[16:12:11] [Client thread/INFO]: Searching C:\Users\rpCardinal\Desktop\ES\HMCL-2.3.5.6.exe...
[16:12:11] [Client thread/INFO]: Discovering mods in valid mod files...
[16:12:11] [Client thread/INFO]: Searching C:\Users\rpCardinal\Desktop\ES\.minecraft\mods\[F]mod_voxelMap_1.5.19_for_1.7.10.litemod...
[16:12:11] [Client thread/INFO]: Found 1 potential matches
[16:12:11] [Client thread/INFO]: Searching C:\Users\rpCardinal\Desktop\ES\.minecraft\mods\[F]MouseTweaks-2.4.4-mc1.7.10.jar...
[16:12:11] [Client thread/INFO]: Found 1 potential matches
[16:12:11] [Client thread/INFO]: Discovering mods in valid mod files...
[16:12:11] [Client thread/INFO]: Mod class discovery completed
[16:12:11] [Client thread/INFO]: LiteLoader begin POSTINIT...
[16:12:11] [Client thread/INFO]: Inhibiting sound handler reload
[16:12:12] [Client thread/INFO]: Registering interface provider com.mumfrey.liteloader.client.ClientEvents for API LiteLoader core API
[16:12:12] [Client thread/INFO]: Registering interface provider com.mumfrey.liteloader.client.PacketEventsClient for API LiteLoader core API
[16:12:12] [Client thread/INFO]: Registering interface provider com.mumfrey.liteloader.client.ClientPluginChannelsClient for API LiteLoader core API
[16:12:12] [Client thread/INFO]: Registering interface provider com.mumfrey.liteloader.core.ServerPluginChannels for API LiteLoader core API
[16:12:12] [Client thread/INFO]: Registering interface provider com.mumfrey.liteloader.messaging.MessageBus for API LiteLoader core API
[16:12:12] [Client thread/INFO]: Discovered 2 total mod(s), injected 0 tweak(s)
[16:12:12] [Client thread/INFO]: Loading mod from com.thevoxelbox.voxelmap.litemod.LiteModVoxelMap
[16:12:12] [Client thread/INFO]: Baking listener list for ModLoadObserver with 0 listeners
[16:12:12] [Client thread/INFO]: Successfully added mod VoxelMap version 1.5.19
[16:12:12] [Client thread/INFO]: Adding "C:\Users\rpCardinal\Desktop\ES\.minecraft\mods\[F]mod_voxelMap_1.5.19_for_1.7.10.litemod" to active resource pack set
[16:12:12] [Client thread/INFO]: Setting up "[F]mod_voxelMap_1.5.19_for_1.7.10.litemod" as mod resource pack with identifier "VoxelMap"
[16:12:12] [Client thread/INFO]: Successfully added "C:\Users\rpCardinal\Desktop\ES\.minecraft\mods\[F]mod_voxelMap_1.5.19_for_1.7.10.litemod" to active resource pack set
[16:12:12] [Client thread/INFO]: Loading mod from yalter.mousetweaks.loaders.LiteModMouseTweaks
[16:12:12] [Client thread/INFO]: Successfully added mod Mouse Tweaks version 2.4.4
[16:12:12] [Client thread/INFO]: Adding "C:\Users\rpCardinal\Desktop\ES\.minecraft\mods\[F]MouseTweaks-2.4.4-mc1.7.10.jar" to active resource pack set
[16:12:12] [Client thread/INFO]: Setting up "[F]MouseTweaks-2.4.4-mc1.7.10.jar" as mod resource pack with identifier "Mouse Tweaks"
[16:12:12] [Client thread/INFO]: Successfully added "C:\Users\rpCardinal\Desktop\ES\.minecraft\mods\[F]MouseTweaks-2.4.4-mc1.7.10.jar" to active resource pack set
[16:12:12] [Client thread/INFO]: Initialising mod VoxelMap version 1.5.19
[16:12:12] [Client thread/INFO]: Initialising mod Mouse Tweaks version 2.4.4
[16:12:12] [Client thread/INFO]: Baking listener list for InterfaceObserver with 0 listeners
[16:13:03] [Client thread/INFO]: Calling late init for mod VoxelMap
[16:13:04] [Client thread/INFO]: Baking listener list for ViewportListener with 0 listeners
[16:13:04] [Client thread/INFO]: Sound handler reload inhibit removed
[16:13:04] [Client thread/INFO]: Reloading sound handler
[16:13:04] [Client thread/INFO]: Baking listener list for GameLoopListener with 0 listeners
[16:13:04] [Client thread/INFO]: Baking listener list for RenderListener with 1 listeners
[16:13:04] [Client thread/INFO]: Baking listener list for TickObserver with 3 listeners
[16:13:04] [Client thread/INFO]: Baking listener list for PostRenderObserver with 3 listeners
[16:13:04] [Client thread/INFO]: Baking listener list for Tickable with 1 listeners
[16:13:04] [Client thread/INFO]: Baking listener list for WorldObserver with 2 listeners
[16:13:04] [Client thread/INFO]: Baking listener list for FrameBufferListener with 0 listeners
[16:13:55] [Client thread/INFO]: Baking listener list for ServerCommandProvider with 0 listeners
[16:14:01] [Netty Client IO #0/INFO]: Generating new Event Handler Proxy Class com.mumfrey.liteloader.core.event.EventProxy$2
[16:14:01] [Netty Client IO #0/INFO]: Successfully generated event handler proxy class with 93 handlers(s) and 93 total invokations
[16:14:01] [Netty Client IO #0/INFO]: Baking listener list for PostLoginListener with 0 listeners
[16:14:01] [Server thread/INFO]: Baking listener list for ServerPlayerListener with 0 listeners
[16:14:01] [Client thread/INFO]: Baking listener list for PreJoinGameListener with 0 listeners
[16:14:04] [Client thread/INFO]: Baking listener list for JoinGameListener with 1 listeners
[16:14:11] [Client thread/INFO]: Baking listener list for PostRenderListener with 1 listeners
[16:14:11] [Client thread/INFO]: Baking listener list for HUDRenderListener with 1 listeners
[16:14:25] [Client thread/INFO]: Baking listener list for ChatListener with 0 listeners
[16:14:58] [Client thread/INFO]: Baking listener list for OutboundChatFilter with 0 listeners
[16:14:58] [Server thread/INFO]: Baking listener list for ServerChatFilter with 0 listeners
[16:48:45] [Client thread/INFO]: LiteLoader is shutting down, shutting down core providers and syncing configuration
[16:48:45] [Client thread/INFO]: Baking listener list for ShutdownObserver with 2 listeners
